[2025-07-21 21:30:54 : INFO] - Cache for URL: https://zonainfantil.ibague.gov.co/?page_id=978 has been purged, triggered by action: save_post 
[2025-07-21 21:31:28 : INFO] - Cache for URL: https://zonainfantil.ibague.gov.co/?page_id=978 has been purged, triggered by action: save_post 
[2025-07-21 23:40:19 : INFO] - Cache for URL: https://zonainfantil.ibague.gov.co/jurados/ has been purged, triggered by action: save_post 
[2025-07-21 23:40:19 : INFO] - Cache for URL: https://zonainfantil.ibague.gov.co/jurados/ has been purged, triggered by action: save_post 
[2025-07-21 23:40:19 : INFO] - Cache for URL: https://zonainfantil.ibague.gov.co/jurados/ has been purged, triggered by action: save_post 
[2025-07-21 23:40:25 : INFO] - Cache for URL: https://zonainfantil.ibague.gov.co/jurados/ has been purged, triggered by action: save_post 
[2025-07-21 23:40:25 : INFO] - Cache for URL: https://zonainfantil.ibague.gov.co/jurados/ has been purged, triggered by action: save_post 
[2025-07-21 23:40:25 : INFO] - Cache for URL: https://zonainfantil.ibague.gov.co/jurados/ has been purged, triggered by action: save_post 
[2025-07-21 23:41:52 : INFO] - Cache for URL: https://zonainfantil.ibague.gov.co/inicio-estimulos-2025/ has been purged, triggered by action: save_post 
[2025-07-21 23:41:52 : INFO] - Cache for URL: https://zonainfantil.ibague.gov.co/inicio-estimulos-2025/ has been purged, triggered by action: save_post 
[2025-07-21 23:41:53 : INFO] - Cache for URL: https://zonainfantil.ibague.gov.co/inicio-estimulos-2025/ has been purged, triggered by action: save_post 
[2025-07-21 23:42:04 : INFO] - Cache for URL: https://zonainfantil.ibague.gov.co/jurados/ has been purged, triggered by action: save_post 
[2025-07-21 23:42:04 : INFO] - Cache for URL: https://zonainfantil.ibague.gov.co/jurados/ has been purged, triggered by action: save_post 
[2025-07-21 23:42:04 : INFO] - Cache for URL: https://zonainfantil.ibague.gov.co/jurados/ has been purged, triggered by action: save_post 
[2025-07-21 23:42:07 : INFO] - Cache for URL: https://zonainfantil.ibague.gov.co/jurados/ has been purged, triggered by action: save_post 
[2025-07-21 23:42:07 : INFO] - Cache for URL: https://zonainfantil.ibague.gov.co/jurados/ has been purged, triggered by action: save_post 
[2025-07-21 23:42:08 : INFO] - Cache for URL: https://zonainfantil.ibague.gov.co/jurados/ has been purged, triggered by action: save_post 
[2025-07-23 15:36:37 : INFO] - Pruning the Cache log file 
[2025-07-23 20:29:53 : INFO] - Cache for URL: https://zonainfantil.ibague.gov.co/jurados/ has been purged, triggered by action: save_post 
[2025-07-23 20:29:53 : INFO] - Cache for URL: https://zonainfantil.ibague.gov.co/jurados/ has been purged, triggered by action: save_post 
[2025-07-23 20:29:53 : INFO] - Cache for URL: https://zonainfantil.ibague.gov.co/jurados/ has been purged, triggered by action: save_post 
[2025-07-23 20:29:59 : INFO] - Cache for URL: https://zonainfantil.ibague.gov.co/jurados/ has been purged, triggered by action: save_post 
[2025-07-23 20:29:59 : INFO] - Cache for URL: https://zonainfantil.ibague.gov.co/jurados/ has been purged, triggered by action: save_post 
[2025-07-23 20:30:00 : INFO] - Cache for URL: https://zonainfantil.ibague.gov.co/jurados/ has been purged, triggered by action: save_post 
[2025-07-23 20:30:35 : INFO] - Cache for URL: https://zonainfantil.ibague.gov.co/jurados/ has been purged, triggered by action: save_post 
[2025-07-23 20:30:35 : INFO] - Cache for URL: https://zonainfantil.ibague.gov.co/jurados/ has been purged, triggered by action: save_post 
[2025-07-23 20:30:36 : INFO] - Cache for URL: https://zonainfantil.ibague.gov.co/jurados/ has been purged, triggered by action: save_post 
[2025-07-23 20:32:09 : INFO] - Cache for URL: https://zonainfantil.ibague.gov.co/jurados/ has been purged, triggered by action: save_post 
[2025-07-23 20:32:09 : INFO] - Cache for URL: https://zonainfantil.ibague.gov.co/jurados/ has been purged, triggered by action: save_post 
[2025-07-23 20:32:10 : INFO] - Cache for URL: https://zonainfantil.ibague.gov.co/jurados/ has been purged, triggered by action: save_post 
[2025-07-23 20:32:16 : INFO] - Cache for URL: https://zonainfantil.ibague.gov.co/jurados/ has been purged, triggered by action: save_post 
[2025-07-23 20:32:16 : INFO] - Cache for URL: https://zonainfantil.ibague.gov.co/jurados/ has been purged, triggered by action: save_post 
[2025-07-23 20:32:16 : INFO] - Cache for URL: https://zonainfantil.ibague.gov.co/jurados/ has been purged, triggered by action: save_post 
[2025-07-24 14:36:32 : INFO] - Cache for URL: https://zonainfantil.ibague.gov.co/?p=1014 has been purged, triggered by action: save_post 
[2025-07-24 14:36:32 : INFO] - Cache for blog post has been purged due to updates to post with Title: "Borrador automático" and URL: https://zonainfantil.ibague.gov.co/?p=1014, triggered by action: save_post 
[2025-07-24 14:36:32 : INFO] - Cache for previous post (with URL: https://zonainfantil.ibague.gov.co/entretenimiento-zona-infantil/) adjacent to post with id: 1014 has been purged, triggered by action: save_post 
[2025-07-24 14:36:32 : INFO] - Cache for all archives page associated with post_type: post and Title: "Borrador automático" have been purged, triggered by action: save_post 
[2025-07-24 14:37:51 : INFO] - Cache for URL: https://zonainfantil.ibague.gov.co/inicio-estimulos-2025/ has been purged, triggered by action: save_post 
[2025-07-24 14:37:51 : INFO] - Cache for URL: https://zonainfantil.ibague.gov.co/inicio-estimulos-2025/ has been purged, triggered by action: save_post 
[2025-07-24 14:37:52 : INFO] - Cache for URL: https://zonainfantil.ibague.gov.co/inicio-estimulos-2025/ has been purged, triggered by action: save_post 
[2025-07-24 14:37:54 : INFO] - Cache for URL: https://zonainfantil.ibague.gov.co/inicio-estimulos-2025/ has been purged, triggered by action: save_post 
[2025-07-24 14:37:54 : INFO] - Cache for URL: https://zonainfantil.ibague.gov.co/inicio-estimulos-2025/ has been purged, triggered by action: save_post 
[2025-07-24 14:37:55 : INFO] - Cache for URL: https://zonainfantil.ibague.gov.co/inicio-estimulos-2025/ has been purged, triggered by action: save_post 
[2025-07-24 14:39:26 : INFO] - Cache for URL: https://zonainfantil.ibague.gov.co/inicio-estimulos-2025/ has been purged, triggered by action: save_post 
[2025-07-24 14:39:26 : INFO] - Cache for URL: https://zonainfantil.ibague.gov.co/inicio-estimulos-2025/ has been purged, triggered by action: save_post 
[2025-07-24 14:39:26 : INFO] - Cache for URL: https://zonainfantil.ibague.gov.co/inicio-estimulos-2025/ has been purged, triggered by action: save_post 
[2025-07-24 14:39:31 : INFO] - Cache for URL: https://zonainfantil.ibague.gov.co/inicio-estimulos-2025/ has been purged, triggered by action: save_post 
[2025-07-24 14:39:31 : INFO] - Cache for URL: https://zonainfantil.ibague.gov.co/inicio-estimulos-2025/ has been purged, triggered by action: save_post 
[2025-07-24 14:39:31 : INFO] - Cache for URL: https://zonainfantil.ibague.gov.co/inicio-estimulos-2025/ has been purged, triggered by action: save_post 
[2025-07-24 14:39:37 : INFO] - Cache for URL: https://zonainfantil.ibague.gov.co/inicio-estimulos-2025/ has been purged, triggered by action: save_post 
[2025-07-24 14:39:37 : INFO] - Cache for URL: https://zonainfantil.ibague.gov.co/inicio-estimulos-2025/ has been purged, triggered by action: save_post 
[2025-07-24 14:39:37 : INFO] - Cache for URL: https://zonainfantil.ibague.gov.co/inicio-estimulos-2025/ has been purged, triggered by action: save_post 
[2025-07-24 14:39:39 : INFO] - Cache for URL: https://zonainfantil.ibague.gov.co/inicio-estimulos-2025/ has been purged, triggered by action: save_post 
[2025-07-24 14:39:39 : INFO] - Cache for URL: https://zonainfantil.ibague.gov.co/inicio-estimulos-2025/ has been purged, triggered by action: save_post 
[2025-07-24 14:39:40 : INFO] - Cache for URL: https://zonainfantil.ibague.gov.co/inicio-estimulos-2025/ has been purged, triggered by action: save_post 
[2025-07-24 14:39:42 : INFO] - Cache for URL: https://zonainfantil.ibague.gov.co/inicio-estimulos-2025/ has been purged, triggered by action: save_post 
[2025-07-24 14:39:42 : INFO] - Cache for URL: https://zonainfantil.ibague.gov.co/inicio-estimulos-2025/ has been purged, triggered by action: save_post 
[2025-07-24 14:39:42 : INFO] - Cache for URL: https://zonainfantil.ibague.gov.co/inicio-estimulos-2025/ has been purged, triggered by action: save_post 
[2025-07-24 14:39:45 : INFO] - Cache for URL: https://zonainfantil.ibague.gov.co/inicio-estimulos-2025/ has been purged, triggered by action: save_post 
[2025-07-24 14:39:45 : INFO] - Cache for URL: https://zonainfantil.ibague.gov.co/inicio-estimulos-2025/ has been purged, triggered by action: save_post 
[2025-07-24 14:39:45 : INFO] - Cache for URL: https://zonainfantil.ibague.gov.co/inicio-estimulos-2025/ has been purged, triggered by action: save_post 
[2025-07-24 14:39:50 : INFO] - Cache for URL: https://zonainfantil.ibague.gov.co/inicio-estimulos-2025/ has been purged, triggered by action: save_post 
[2025-07-24 14:39:50 : INFO] - Cache for URL: https://zonainfantil.ibague.gov.co/inicio-estimulos-2025/ has been purged, triggered by action: save_post 
[2025-07-24 14:39:50 : INFO] - Cache for URL: https://zonainfantil.ibague.gov.co/inicio-estimulos-2025/ has been purged, triggered by action: save_post 
